[    21.219] 
X.Org X Server 1.21.1.3
X Protocol Version 11, Revision 0
[    21.220] Current Operating System: Linux sandshrew 5.16.11 #1-NixOS SMP PREEMPT Tue Jan 1 00:00:00 UTC 1980 x86_64
[    21.220] Kernel command line: initrd=\efi\nixos\x4xc87w9xyjd85bgaa5194mvbhy169b2-initrd-linux-5.16.11-initrd.efi init=/nix/store/xgnrxiqpnq19ag83ms5rzas1zjl3ifbp-nixos-system-sandshrew-22.05pre-git/init mem_sleep_default=deep nohibernate video=hyperv_fb:1152x864 elevator=noop loglevel=4
[    21.221]  
[    21.222] Current version of pixman: 0.38.4
[    21.222] 	Before reporting problems, check http://wiki.x.org
	to make sure that you have the latest version.
[    21.222] Markers: (--) probed, (**) from config file, (==) default setting,
	(++) from command line, (!!) notice, (II) informational,
	(WW) warning, (EE) error, (NI) not implemented, (??) unknown.
[    21.224] (==) Log file: "/home/shadowrylander/.local/share/xorg/Xorg.0.log", Time: Mon May 16 22:39:49 2022
[    21.226] (++) Using config file: "/nix/store/p8by4hn655j670sk28jlqlcp1m9j0dav-xserver.conf"
[    21.227] (==) Using config directory: "/etc/X11/xorg.conf.d"
[    21.227] (==) Using system config directory "/nix/store/nl44b4x4bw3l8z1xvm55sjgv81q0gn22-xorg-server-21.1.3/share/X11/xorg.conf.d"
[    21.231] (==) ServerLayout "Layout[all]"
[    21.231] (**) |-->Screen "Screen-amdgpu[0]" (0)
[    21.231] (**) |   |-->Monitor "<default monitor>"
[    21.232] (**) |   |-->Device "Device-amdgpu[0]"
[    21.233] (==) No monitor specified for screen "Screen-amdgpu[0]".
	Using a default monitor configuration.
[    21.233] (**) |-->Screen "Screen-radeon[0]" (1)
[    21.233] (**) |   |-->Monitor "<default monitor>"
[    21.234] (**) |   |-->Device "Device-radeon[0]"
[    21.235] (==) No monitor specified for screen "Screen-radeon[0]".
	Using a default monitor configuration.
[    21.235] (**) |-->Screen "Screen-nouveau[0]" (2)
[    21.235] (**) |   |-->Monitor "<default monitor>"
[    21.236] (**) |   |-->Device "Device-nouveau[0]"
[    21.236] (==) No monitor specified for screen "Screen-nouveau[0]".
	Using a default monitor configuration.
[    21.236] (**) |-->Screen "Screen-modesetting[0]" (3)
[    21.236] (**) |   |-->Monitor "<default monitor>"
[    21.237] (**) |   |-->Device "Device-modesetting[0]"
[    21.237] (==) No monitor specified for screen "Screen-modesetting[0]".
	Using a default monitor configuration.
[    21.237] (**) |-->Screen "Screen-fbdev[0]" (4)
[    21.238] (**) |   |-->Monitor "<default monitor>"
[    21.238] (**) |   |-->Device "Device-fbdev[0]"
[    21.238] (==) No monitor specified for screen "Screen-fbdev[0]".
	Using a default monitor configuration.
[    21.239] (**) Option "DontZap" "on"
[    21.239] (**) Option "AllowMouseOpenFail" "on"
[    21.239] (==) Automatically adding devices
[    21.239] (==) Automatically enabling devices
[    21.239] (==) Automatically adding GPU devices
[    21.240] (==) Automatically binding GPU devices
[    21.240] (==) Max clients allowed: 256, resource mask: 0x1fffff
[    21.263] (**) FontPath set to:
	/nix/store/00swlncl9l3jq0l8xihbpn2kbhpdasnq-unifont-14.0.03/share/fonts,
	/nix/store/jwq3qxsla2ffd5vnx734sz634sypp0qy-font-cursor-misc-1.0.3/lib/X11/fonts/misc,
	/nix/store/rckjpxd3gk8i1i86mb9r7zcriprgwdav-font-misc-misc-1.1.2/lib/X11/fonts/misc,
	/nix/store/hn42ml4kbn1japini081pdfjgp8xw4h0-font-adobe-100dpi-1.0.3/lib/X11/fonts/100dpi,
	/nix/store/wa57851791flzlw1nmn05lsrc46j79nj-font-adobe-75dpi-1.0.3/lib/X11/fonts/75dpi
[    21.286] (**) ModulePath set to "/nix/store/5q42p05mfdk67s9gyd8wc53g1pj5whw8-xf86-input-wacom-1.0.0/lib/xorg/modules/input,/nix/store/piwcxsdkkvhlhmryy8l6ia82mnygh66i-xf86-video-amdgpu-21.0.0/lib/xorg/modules/drivers,/nix/store/sz13annjq0yipphjxk94givq9c685bpc-xf86-video-ati-5eba006e4129e8015b822f9e1d2f1e613e252cda/lib/xorg/modules/drivers,/nix/store/fys2phi0h6dwhrdk4zz3b7kyzg2qgk3i-xf86-video-nouveau-3ee7cbca8f9144a3bb5be7f71ce70558f548d268/lib/xorg/modules/drivers,/nix/store/m29z29ks6g6701im9lcn7fas4c7zr7iz-xf86-video-fbdev-0.5.0/lib/xorg/modules/drivers,/nix/store/nl44b4x4bw3l8z1xvm55sjgv81q0gn22-xorg-server-21.1.3/lib/xorg/modules,/nix/store/nl44b4x4bw3l8z1xvm55sjgv81q0gn22-xorg-server-21.1.3/lib/xorg/modules/drivers,/nix/store/nl44b4x4bw3l8z1xvm55sjgv81q0gn22-xorg-server-21.1.3/lib/xorg/modules/input,/nix/store/nl44b4x4bw3l8z1xvm55sjgv81q0gn22-xorg-server-21.1.3/lib/xorg/modules/extensions,/nix/store/bdkn34gvryp0xri7mi5mb5k62fkc397a-xf86-input-evdev-2.10.6/lib/xorg/modules/input,/nix/store/5q42p05mfdk67s9gyd8wc
[    21.294] (II) The server relies on udev to provide the list of input devices.
	If no devices become available, reconfigure udev or disable AutoAddDevices.
[    21.298] (II) Loader magic: 0x63fe40
[    21.301] (II) Module ABI versions:
[    21.305] 	X.Org ANSI C Emulation: 0.4
[    21.309] 	X.Org Video Driver: 25.2
[    21.313] 	X.Org XInput driver : 24.4
[    21.317] 	X.Org Server Extension : 10.0
[    21.325] (++) using VT number 1

[    21.327] (II) systemd-logind: took control of session /org/freedesktop/login1/session/_31
[    21.327] (II) xfree86: Adding drm device (/dev/dri/card0)
[    21.327] (II) Platform probe for /sys/devices/pci0000:00/0000:00:02.0/drm/card0
[    21.328] (II) systemd-logind: got fd for /dev/dri/card0 226:0 fd 13 paused 0
[    21.328] (II) xfree86: Adding drm device (/dev/dri/card1)
[    21.328] (II) Platform probe for /sys/devices/pci0000:00/0000:00:1c.4/0000:02:00.0/drm/card1
[    21.329] (II) systemd-logind: got fd for /dev/dri/card1 226:1 fd 14 paused 0
[    21.331] (--) PCI:*(0@0:2:0) 8086:5917:1414:0028 rev 7, Mem @ 0xd3000000/16777216, 0xb0000000/268435456, I/O @ 0x00004000/64, BIOS @ 0x????????/131072
[    21.331] (--) PCI: (2@0:0:0) 10de:1c20:1414:0024 rev 161, Mem @ 0xd2000000/16777216, 0xc0000000/268435456, 0xd0000000/33554432, I/O @ 0x00003000/128, BIOS @ 0x????????/524288
[    21.331] (WW) Open ACPI failed (/var/run/acpid.socket) (No such file or directory)
[    21.331] (II) "glx" will be loaded by default.
[    21.331] (II) LoadModule: "glx"
[    21.338] (II) Loading /nix/store/nl44b4x4bw3l8z1xvm55sjgv81q0gn22-xorg-server-21.1.3/lib/xorg/modules/extensions/libglx.so
[    21.348] (II) Module glx: vendor="X.Org Foundation"
[    21.348] 	compiled for 1.21.1.3, module version = 1.0.0
[    21.348] 	ABI class: X.Org Server Extension, version 10.0
[    21.348] (II) LoadModule: "amdgpu"
[    21.349] (II) Loading /nix/store/piwcxsdkkvhlhmryy8l6ia82mnygh66i-xf86-video-amdgpu-21.0.0/lib/xorg/modules/drivers/amdgpu_drv.so
[    21.360] (II) Module amdgpu: vendor="X.Org Foundation"
[    21.360] 	compiled for 1.21.1.3, module version = 21.0.0
[    21.360] 	Module class: X.Org Video Driver
[    21.360] 	ABI class: X.Org Video Driver, version 25.2
[    21.360] (II) LoadModule: "ati"
[    21.360] (II) Loading /nix/store/sz13annjq0yipphjxk94givq9c685bpc-xf86-video-ati-5eba006e4129e8015b822f9e1d2f1e613e252cda/lib/xorg/modules/drivers/ati_drv.so
[    21.360] (II) Module ati: vendor="X.Org Foundation"
[    21.360] 	compiled for 1.21.1.3, module version = 19.1.0
[    21.360] 	Module class: X.Org Video Driver
[    21.360] 	ABI class: X.Org Video Driver, version 25.2
[    21.360] (II) LoadModule: "nouveau"
[    21.360] (II) Loading /nix/store/fys2phi0h6dwhrdk4zz3b7kyzg2qgk3i-xf86-video-nouveau-3ee7cbca8f9144a3bb5be7f71ce70558f548d268/lib/xorg/modules/drivers/nouveau_drv.so
[    21.362] (II) Module nouveau: vendor="X.Org Foundation"
[    21.362] 	compiled for 1.21.1.3, module version = 1.0.17
[    21.362] 	Module class: X.Org Video Driver
[    21.362] 	ABI class: X.Org Video Driver, version 25.2
[    21.362] (II) LoadModule: "modesetting"
[    21.363] (II) Loading /nix/store/nl44b4x4bw3l8z1xvm55sjgv81q0gn22-xorg-server-21.1.3/lib/xorg/modules/drivers/modesetting_drv.so
[    21.364] (II) Module modesetting: vendor="X.Org Foundation"
[    21.364] 	compiled for 1.21.1.3, module version = 1.21.1
[    21.364] 	Module class: X.Org Video Driver
[    21.364] 	ABI class: X.Org Video Driver, version 25.2
[    21.364] (II) LoadModule: "fbdev"
[    21.364] (II) Loading /nix/store/m29z29ks6g6701im9lcn7fas4c7zr7iz-xf86-video-fbdev-0.5.0/lib/xorg/modules/drivers/fbdev_drv.so
[    21.364] (II) Module fbdev: vendor="X.Org Foundation"
[    21.364] 	compiled for 1.21.1.3, module version = 0.5.0
[    21.364] 	Module class: X.Org Video Driver
[    21.364] 	ABI class: X.Org Video Driver, version 25.2
[    21.364] (II) AMDGPU: Driver for AMD Radeon:
	All GPUs supported by the amdgpu kernel driver
[    21.364] (II) NOUVEAU driver 
[    21.364] (II) NOUVEAU driver for NVIDIA chipset families :
[    21.364] 	RIVA TNT            (NV04)
[    21.364] 	RIVA TNT2           (NV05)
[    21.364] 	GeForce 256         (NV10)
[    21.364] 	GeForce 2           (NV11, NV15)
[    21.365] 	GeForce 4MX         (NV17, NV18)
[    21.365] 	GeForce 3           (NV20)
[    21.365] 	GeForce 4Ti         (NV25, NV28)
[    21.365] 	GeForce FX          (NV3x)
[    21.365] 	GeForce 6           (NV4x)
[    21.365] 	GeForce 7           (G7x)
[    21.365] 	GeForce 8           (G8x)
[    21.365] 	GeForce 9           (G9x)
[    21.365] 	GeForce GTX 2xx/3xx (GT2xx)
[    21.365] 	GeForce GTX 4xx/5xx (GFxxx)
[    21.365] 	GeForce GTX 6xx/7xx (GKxxx)
[    21.365] 	GeForce GTX 9xx     (GMxxx)
[    21.365] 	GeForce GTX 10xx    (GPxxx)
[    21.365] (II) modesetting: Driver for Modesetting Kernel Drivers: kms
[    21.365] (II) FBDEV: driver for framebuffer: fbdev
[    21.365] (II) modeset(0): using drv /dev/dri/card0
[    21.365] (WW) Falling back to old probe method for fbdev
[    21.365] (II) Loading sub module "fbdevhw"
[    21.365] (II) LoadModule: "fbdevhw"
[    21.366] (II) Loading /nix/store/nl44b4x4bw3l8z1xvm55sjgv81q0gn22-xorg-server-21.1.3/lib/xorg/modules/libfbdevhw.so
[    21.366] (II) Module fbdevhw: vendor="X.Org Foundation"
[    21.366] 	compiled for 1.21.1.3, module version = 0.0.2
[    21.366] 	ABI class: X.Org Video Driver, version 25.2
[    21.366] (EE) open /dev/fb0: Permission denied
[    21.366] (II) [drm] nouveau interface version: 1.3.1
[    21.366] (WW) VGA arbiter: cannot open kernel arbiter, no multi-card support
[    21.366] (II) modeset(0): Creating default Display subsection in Screen section
	"Screen-modesetting[0]" for depth/fbbpp 24/32
[    21.366] (==) modeset(0): Depth 24, (==) framebuffer bpp 32
[    21.366] (==) modeset(0): RGB weight 888
[    21.366] (==) modeset(0): Default visual is TrueColor
[    21.366] (II) Loading sub module "glamoregl"
[    21.366] (II) LoadModule: "glamoregl"
[    21.366] (II) Loading /nix/store/nl44b4x4bw3l8z1xvm55sjgv81q0gn22-xorg-server-21.1.3/lib/xorg/modules/libglamoregl.so
[    21.374] (II) Module glamoregl: vendor="X.Org Foundation"
[    21.374] 	compiled for 1.21.1.3, module version = 1.0.1
[    21.374] 	ABI class: X.Org ANSI C Emulation, version 0.4
[    21.702] (II) modeset(0): glamor X acceleration enabled on Mesa Intel(R) UHD Graphics 620 (KBL GT2)
[    21.702] (II) modeset(0): glamor initialized
[    21.702] (==) modeset(0): VariableRefresh: disabled
[    21.702] (==) modeset(0): AsyncFlipSecondaries: disabled
[    21.705] (II) modeset(0): Output eDP-1 has no monitor section
[    21.705] (II) modeset(0): Output DP-1 has no monitor section
[    21.815] (II) modeset(0): Output HDMI-1 has no monitor section
[    21.815] (II) modeset(0): Output DP-2 has no monitor section
[    21.819] (II) modeset(0): Output HDMI-2 has no monitor section
[    21.825] (WW) EDID timing clock 453.25 exceeds claimed max 448MHz, fixing
[    21.826] (II) modeset(0): EDID for output eDP-1
[    21.826] (II) modeset(0): Manufacturer: LGD  Model: 554  Serial#: 218103969
[    21.826] (II) modeset(0): Year: 2016  Week: 0
[    21.826] (II) modeset(0): EDID Version: 1.4
[    21.826] (II) modeset(0): Digital Display Input
[    21.826] (II) modeset(0): 8 bits per channel
[    21.826] (II) modeset(0): Digital interface is DisplayPort
[    21.826] (II) modeset(0): Max Image Size [cm]: horiz.: 32  vert.: 21
[    21.826] (II) modeset(0): Gamma: 2.20
[    21.826] (II) modeset(0): No DPMS capabilities specified
[    21.826] (II) modeset(0): Supported color encodings: RGB 4:4:4 
[    21.826] (II) modeset(0): First detailed timing is preferred mode
[    21.826] (II) modeset(0): Preferred mode is native pixel format and refresh rate
[    21.826] (II) modeset(0): Display is continuous-frequency
[    21.826] (II) modeset(0): redX: 0.640 redY: 0.330   greenX: 0.300 greenY: 0.600
[    21.826] (II) modeset(0): blueX: 0.150 blueY: 0.060   whiteX: 0.313 whiteY: 0.329
[    21.826] (II) modeset(0): Manufacturer's mask: 0
[    21.827] (II) modeset(0): Supported detailed timing:
[    21.827] (II) modeset(0): clock: 453.2 MHz   Image Size:  317 x 211 mm
[    21.827] (II) modeset(0): h_active: 3240  h_sync: 3288  h_sync_end 3320 h_blank_end 3400 h_border: 0
[    21.827] (II) modeset(0): v_active: 2160  v_sync: 2163  v_sync_end 2173 v_blanking: 2222 v_border: 0
[    21.827] (II) modeset(0): Ranges: V min: 48 V max: 60 Hz, H min: 0 H max: 0 kHz, PixClock max 448750 kHz
[    21.827] (II) modeset(0): Maximum pixel width: 160
[    21.827] (II) modeset(0): Supported aspect ratios: 5:4
[    21.827] (II) modeset(0): Supported blankings: reduced
[    21.827] (II) modeset(0): Supported scalings: vstretch
[    21.827] (II) modeset(0): Preferred refresh rate: 20
[    21.827] (II) modeset(0):  LGD_MP0.0_
[    21.827] (II) modeset(0):  LP150QD112604
[    21.827] (II) modeset(0): EDID (in hex):
[    21.827] (II) modeset(0): 	00ffffffffffff0030e45405a100000d
[    21.827] (II) modeset(0): 	001a0104a520157803ee95a3544c9926
[    21.827] (II) modeset(0): 	0f505400000001010101010101010101
[    21.827] (II) modeset(0): 	0101010101010db1a8a0c0703e803020
[    21.828] (II) modeset(0): 	3a003dd310000019000000fd00303c00
[    21.828] (II) modeset(0): 	002d040a141414141414000000fe004c
[    21.828] (II) modeset(0): 	47445f4d50302e305f0a2020000000fe
[    21.828] (II) modeset(0): 	004c5031353051443131323630340061
[    21.830] (II) modeset(0): Not using default mode "3200x1800" (bad mode clock/interlace/doublescan)
[    21.830] (II) modeset(0): Not using default mode "2560x1440" (bad mode clock/interlace/doublescan)
[    21.830] (II) modeset(0): Not using default mode "2560x1440" (bad mode clock/interlace/doublescan)
[    21.830] (II) modeset(0): Printing probed modes for output eDP-1
[    21.830] (II) modeset(0): Modeline "3240x2160"x60.0  453.25  3240 3288 3320 3400  2160 2163 2173 2222 -hsync -vsync (133.3 kHz eP)
[    21.830] (II) modeset(0): Modeline "3200x1800"x59.9  373.00  3200 3248 3280 3360  1800 1803 1808 1852 +hsync -vsync (111.0 kHz d)
[    21.830] (II) modeset(0): Modeline "2880x1620"x60.0  396.25  2880 3096 3408 3936  1620 1623 1628 1679 -hsync +vsync (100.7 kHz d)
[    21.830] (II) modeset(0): Modeline "2880x1620"x60.0  303.75  2880 2928 2960 3040  1620 1623 1628 1666 +hsync -vsync (99.9 kHz d)
[    21.830] (II) modeset(0): Modeline "2560x1600"x60.0  348.50  2560 2760 3032 3504  1600 1603 1609 1658 -hsync +vsync (99.5 kHz d)
[    21.830] (II) modeset(0): Modeline "2560x1600"x60.0  268.50  2560 2608 2640 2720  1600 1603 1609 1646 +hsync -vsync (98.7 kHz d)
[    21.830] (II) modeset(0): Modeline "2560x1440"x60.0  312.25  2560 2752 3024 3488  1440 1443 1448 1493 -hsync +vsync (89.5 kHz d)
[    21.830] (II) modeset(0): Modeline "2560x1440"x60.0  241.50  2560 2608 2640 2720  1440 1443 1448 1481 +hsync -vsync (88.8 kHz d)
[    21.830] (II) modeset(0): Modeline "2048x1536"x60.0  266.95  2048 2200 2424 2800  1536 1537 1540 1589 -hsync +vsync (95.3 kHz d)
[    21.830] (II) modeset(0): Modeline "1920x1440"x60.0  234.00  1920 2048 2256 2600  1440 1441 1444 1500 -hsync +vsync (90.0 kHz d)
[    21.830] (II) modeset(0): Modeline "1856x1392"x60.0  218.30  1856 1952 2176 2528  1392 1393 1396 1439 -hsync +vsync (86.4 kHz d)
[    21.830] (II) modeset(0): Modeline "1792x1344"x60.0  204.80  1792 1920 2120 2448  1344 1345 1348 1394 -hsync +vsync (83.7 kHz d)
[    21.831] (II) modeset(0): Modeline "2048x1152"x120.0  406.50  2048 2220 2444 2840  1152 1153 1156 1193 doublescan -hsync +vsync (143.1 kHz d)
[    21.831] (II) modeset(0): Modeline "2048x1152"x120.0  302.50  2048 2072 2088 2128  1152 1153 1156 1185 doublescan +hsync -vsync (142.2 kHz d)
[    21.831] (II) modeset(0): Modeline "2048x1152"x59.9  197.00  2048 2184 2400 2752  1152 1155 1160 1195 -hsync +vsync (71.6 kHz d)
[    21.831] (II) modeset(0): Modeline "2048x1152"x59.9  156.75  2048 2096 2128 2208  1152 1155 1160 1185 +hsync -vsync (71.0 kHz d)
[    21.831] (II) modeset(0): Modeline "1920x1200"x59.9  193.25  1920 2056 2256 2592  1200 1203 1209 1245 -hsync +vsync (74.6 kHz d)
[    21.831] (II) modeset(0): Modeline "1920x1200"x60.0  154.00  1920 1968 2000 2080  1200 1203 1209 1235 +hsync -vsync (74.0 kHz d)
[    21.831] (II) modeset(0): Modeline "1920x1080"x120.0  356.38  1920 2080 2288 2656  1080 1081 1084 1118 doublescan -hsync +vsync (134.2 kHz d)
[    21.831] (II) modeset(0): Modeline "1920x1080"x119.9  266.50  1920 1944 1960 2000  1080 1081 1084 1111 doublescan +hsync -vsync (133.2 kHz d)
[    21.831] (II) modeset(0): Modeline "1920x1080"x60.0  173.00  1920 2048 2248 2576  1080 1083 1088 1120 -hsync +vsync (67.2 kHz d)
[    21.831] (II) modeset(0): Modeline "1920x1080"x59.9  138.50  1920 1968 2000 2080  1080 1083 1088 1111 +hsync -vsync (66.6 kHz d)
[    21.831] (II) modeset(0): Modeline "1600x1200"x60.0  162.00  1600 1664 1856 2160  1200 1201 1204 1250 +hsync +vsync (75.0 kHz d)
[    21.831] (II) modeset(0): Modeline "1680x1050"x60.0  146.25  1680 1784 1960 2240  1050 1053 1059 1089 -hsync +vsync (65.3 kHz d)
[    21.831] (II) modeset(0): Modeline "1680x1050"x59.9  119.00  1680 1728 1760 1840  1050 1053 1059 1080 +hsync -vsync (64.7 kHz d)
[    21.831] (II) modeset(0): Modeline "1400x1050"x60.0  122.00  1400 1488 1640 1880  1050 1052 1064 1082 +hsync +vsync (64.9 kHz d)
[    21.831] (II) modeset(0): Modeline "1600x900"x120.0  246.00  1600 1728 1900 2200  900 901 904 932 doublescan -hsync +vsync (111.8 kHz d)
[    21.832] (II) modeset(0): Modeline "1600x900"x119.9  186.50  1600 1624 1640 1680  900 901 904 926 doublescan +hsync -vsync (111.0 kHz d)
[    21.832] (II) modeset(0): Modeline "1600x900"x59.9  118.25  1600 1696 1856 2112  900 903 908 934 -hsync +vsync (56.0 kHz d)
[    21.832] (II) modeset(0): Modeline "1600x900"x59.8   97.50  1600 1648 1680 1760  900 903 908 926 +hsync -vsync (55.4 kHz d)
[    21.832] (II) modeset(0): Modeline "1280x1024"x60.0  108.00  1280 1328 1440 1688  1024 1025 1028 1066 +hsync +vsync (64.0 kHz d)
[    21.832] (II) modeset(0): Modeline "1400x900"x60.0  103.50  1400 1480 1624 1848  900 903 913 934 -hsync +vsync (56.0 kHz d)
[    21.832] (II) modeset(0): Modeline "1400x900"x59.9   86.50  1400 1448 1480 1560  900 903 913 926 +hsync -vsync (55.4 kHz d)
[    21.832] (II) modeset(0): Modeline "1280x960"x60.0  108.00  1280 1376 1488 1800  960 961 964 1000 +hsync +vsync (60.0 kHz d)
[    21.832] (II) modeset(0): Modeline "1440x810"x120.0  198.12  1440 1548 1704 1968  810 811 814 839 doublescan -hsync +vsync (100.7 kHz d)
[    21.832] (II) modeset(0): Modeline "1440x810"x119.9  151.88  1440 1464 1480 1520  810 811 814 833 doublescan +hsync -vsync (99.9 kHz d)
[    21.832] (II) modeset(0): Modeline "1368x768"x59.9   85.25  1368 1440 1576 1784  768 771 781 798 -hsync +vsync (47.8 kHz d)
[    21.832] (II) modeset(0): Modeline "1368x768"x59.9   72.25  1368 1416 1448 1528  768 771 781 790 +hsync -vsync (47.3 kHz d)
[    21.832] (II) modeset(0): Modeline "1280x800"x120.0  174.25  1280 1380 1516 1752  800 801 804 829 doublescan -hsync +vsync (99.5 kHz d)
[    21.832] (II) modeset(0): Modeline "1280x800"x119.9  134.25  1280 1304 1320 1360  800 801 804 823 doublescan +hsync -vsync (98.7 kHz d)
[    21.832] (II) modeset(0): Modeline "1280x800"x59.8   83.50  1280 1352 1480 1680  800 803 809 831 -hsync +vsync (49.7 kHz d)
[    21.832] (II) modeset(0): Modeline "1280x800"x59.9   71.00  1280 1328 1360 1440  800 803 809 823 +hsync -vsync (49.3 kHz d)
[    21.832] (II) modeset(0): Modeline "1280x720"x120.0  156.12  1280 1376 1512 1744  720 721 724 746 doublescan -hsync +vsync (89.5 kHz d)
[    21.833] (II) modeset(0): Modeline "1280x720"x120.0  120.75  1280 1304 1320 1360  720 721 724 740 doublescan +hsync -vsync (88.8 kHz d)
[    21.833] (II) modeset(0): Modeline "1280x720"x59.9   74.50  1280 1344 1472 1664  720 723 728 748 -hsync +vsync (44.8 kHz d)
[    21.833] (II) modeset(0): Modeline "1280x720"x59.7   63.75  1280 1328 1360 1440  720 723 728 741 +hsync -vsync (44.3 kHz d)
[    21.833] (II) modeset(0): Modeline "1024x768"x120.1  133.47  1024 1100 1212 1400  768 768 770 794 doublescan -hsync +vsync (95.3 kHz d)
[    21.833] (II) modeset(0): Modeline "1024x768"x60.0   65.00  1024 1048 1184 1344  768 771 777 806 -hsync -vsync (48.4 kHz d)
[    21.833] (II) modeset(0): Modeline "960x720"x120.0  117.00  960 1024 1128 1300  720 720 722 750 doublescan -hsync +vsync (90.0 kHz d)
[    21.833] (II) modeset(0): Modeline "928x696"x120.1  109.15  928 976 1088 1264  696 696 698 719 doublescan -hsync +vsync (86.4 kHz d)
[    21.833] (II) modeset(0): Modeline "896x672"x120.0  102.40  896 960 1060 1224  672 672 674 697 doublescan -hsync +vsync (83.7 kHz d)
[    21.833] (II) modeset(0): Modeline "1024x576"x119.9   98.50  1024 1092 1200 1376  576 577 580 597 doublescan -hsync +vsync (71.6 kHz d)
[    21.833] (II) modeset(0): Modeline "1024x576"x119.9   78.38  1024 1048 1064 1104  576 577 580 592 doublescan +hsync -vsync (71.0 kHz d)
[    21.833] (II) modeset(0): Modeline "1024x576"x59.9   46.50  1024 1064 1160 1296  576 579 584 599 -hsync +vsync (35.9 kHz d)
[    21.833] (II) modeset(0): Modeline "1024x576"x59.8   42.00  1024 1072 1104 1184  576 579 584 593 +hsync -vsync (35.5 kHz d)
[    21.833] (II) modeset(0): Modeline "960x600"x119.9   96.62  960 1028 1128 1296  600 601 604 622 doublescan -hsync +vsync (74.6 kHz d)
[    21.833] (II) modeset(0): Modeline "960x600"x120.0   77.00  960 984 1000 1040  600 601 604 617 doublescan +hsync -vsync (74.0 kHz d)
[    21.833] (II) modeset(0): Modeline "960x540"x119.9   86.50  960 1024 1124 1288  540 541 544 560 doublescan -hsync +vsync (67.2 kHz d)
[    21.833] (II) modeset(0): Modeline "960x540"x120.0   69.25  960 984 1000 1040  540 541 544 555 doublescan +hsync -vsync (66.6 kHz d)
[    21.834] (II) modeset(0): Modeline "960x540"x59.6   40.75  960 992 1088 1216  540 543 548 562 -hsync +vsync (33.5 kHz d)
[    21.834] (II) modeset(0): Modeline "960x540"x59.8   37.25  960 1008 1040 1120  540 543 548 556 +hsync -vsync (33.3 kHz d)
[    21.834] (II) modeset(0): Modeline "800x600"x120.0   81.00  800 832 928 1080  600 600 602 625 doublescan +hsync +vsync (75.0 kHz d)
[    21.834] (II) modeset(0): Modeline "800x600"x60.3   40.00  800 840 968 1056  600 601 605 628 +hsync +vsync (37.9 kHz d)
[    21.834] (II) modeset(0): Modeline "800x600"x56.2   36.00  800 824 896 1024  600 601 603 625 +hsync +vsync (35.2 kHz d)
[    21.834] (II) modeset(0): Modeline "840x525"x120.0   73.12  840 892 980 1120  525 526 529 544 doublescan -hsync +vsync (65.3 kHz d)
[    21.834] (II) modeset(0): Modeline "840x525"x119.8   59.50  840 864 880 920  525 526 529 540 doublescan +hsync -vsync (64.7 kHz d)
[    21.834] (II) modeset(0): Modeline "864x486"x59.9   32.50  864 888 968 1072  486 489 494 506 -hsync +vsync (30.3 kHz d)
[    21.834] (II) modeset(0): Modeline "864x486"x59.6   30.50  864 912 944 1024  486 489 494 500 +hsync -vsync (29.8 kHz d)
[    21.834] (II) modeset(0): Modeline "700x525"x120.0   61.00  700 744 820 940  525 526 532 541 doublescan +hsync +vsync (64.9 kHz d)
[    21.834] (II) modeset(0): Modeline "800x450"x119.9   59.12  800 848 928 1056  450 451 454 467 doublescan -hsync +vsync (56.0 kHz d)
[    21.834] (II) modeset(0): Modeline "800x450"x119.6   48.75  800 824 840 880  450 451 454 463 doublescan +hsync -vsync (55.4 kHz d)
[    21.834] (II) modeset(0): Modeline "640x512"x120.0   54.00  640 664 720 844  512 512 514 533 doublescan +hsync +vsync (64.0 kHz d)
[    21.834] (II) modeset(0): Modeline "700x450"x119.9   51.75  700 740 812 924  450 451 456 467 doublescan -hsync +vsync (56.0 kHz d)
[    21.834] (II) modeset(0): Modeline "700x450"x119.8   43.25  700 724 740 780  450 451 456 463 doublescan +hsync -vsync (55.4 kHz d)
[    21.834] (II) modeset(0): Modeline "640x480"x120.0   54.00  640 688 744 900  480 480 482 500 doublescan +hsync +vsync (60.0 kHz d)
[    21.835] (II) modeset(0): Modeline "640x480"x59.9   25.18  640 656 752 800  480 490 492 525 -hsync -vsync (31.5 kHz d)
[    21.835] (II) modeset(0): Modeline "720x405"x59.5   22.50  720 744 808 896  405 408 413 422 -hsync +vsync (25.1 kHz d)
[    21.835] (II) modeset(0): Modeline "720x405"x59.0   21.75  720 768 800 880  405 408 413 419 +hsync -vsync (24.7 kHz d)
[    21.835] (II) modeset(0): Modeline "684x384"x119.8   42.62  684 720 788 892  384 385 390 399 doublescan -hsync +vsync (47.8 kHz d)
[    21.835] (II) modeset(0): Modeline "684x384"x119.7   36.12  684 708 724 764  384 385 390 395 doublescan +hsync -vsync (47.3 kHz d)
[    21.835] (II) modeset(0): Modeline "640x400"x119.8   41.75  640 676 740 840  400 401 404 415 doublescan -hsync +vsync (49.7 kHz d)
[    21.835] (II) modeset(0): Modeline "640x400"x120.0   35.50  640 664 680 720  400 401 404 411 doublescan +hsync -vsync (49.3 kHz d)
[    21.835] (II) modeset(0): Modeline "640x360"x119.7   37.25  640 672 736 832  360 361 364 374 doublescan -hsync +vsync (44.8 kHz d)
[    21.835] (II) modeset(0): Modeline "640x360"x119.7   31.88  640 664 680 720  360 361 364 370 doublescan +hsync -vsync (44.3 kHz d)
[    21.835] (II) modeset(0): Modeline "640x360"x59.8   18.00  640 664 720 800  360 363 368 376 -hsync +vsync (22.5 kHz d)
[    21.835] (II) modeset(0): Modeline "640x360"x59.3   17.75  640 688 720 800  360 363 368 374 +hsync -vsync (22.2 kHz d)
[    21.835] (II) modeset(0): Modeline "512x384"x120.0   32.50  512 524 592 672  384 385 388 403 doublescan -hsync -vsync (48.4 kHz d)
[    21.835] (II) modeset(0): Modeline "512x288"x120.0   23.25  512 532 580 648  288 289 292 299 doublescan -hsync +vsync (35.9 kHz d)
[    21.835] (II) modeset(0): Modeline "512x288"x119.8   21.00  512 536 552 592  288 289 292 296 doublescan +hsync -vsync (35.5 kHz d)
[    21.835] (II) modeset(0): Modeline "480x270"x119.3   20.38  480 496 544 608  270 271 274 281 doublescan -hsync +vsync (33.5 kHz d)
[    21.835] (II) modeset(0): Modeline "480x270"x119.6   18.62  480 504 520 560  270 271 274 278 doublescan +hsync -vsync (33.3 kHz d)
[    21.836] (II) modeset(0): Modeline "400x300"x120.6   20.00  400 420 484 528  300 300 302 314 doublescan +hsync +vsync (37.9 kHz d)
[    21.836] (II) modeset(0): Modeline "400x300"x112.7   18.00  400 412 448 512  300 300 301 312 doublescan +hsync +vsync (35.2 kHz d)
[    21.836] (II) modeset(0): Modeline "432x243"x119.8   16.25  432 444 484 536  243 244 247 253 doublescan -hsync +vsync (30.3 kHz d)
[    21.836] (II) modeset(0): Modeline "432x243"x119.1   15.25  432 456 472 512  243 244 247 250 doublescan +hsync -vsync (29.8 kHz d)
[    21.836] (II) modeset(0): Modeline "320x240"x120.1   12.59  320 328 376 400  240 245 246 262 doublescan -hsync -vsync (31.5 kHz d)
[    21.836] (II) modeset(0): Modeline "360x202"x119.0   11.25  360 372 404 448  202 204 206 211 doublescan -hsync +vsync (25.1 kHz d)
[    21.836] (II) modeset(0): Modeline "360x202"x118.3   10.88  360 384 400 440  202 204 206 209 doublescan +hsync -vsync (24.7 kHz d)
[    21.836] (II) modeset(0): Modeline "320x180"x119.7    9.00  320 332 360 400  180 181 184 188 doublescan -hsync +vsync (22.5 kHz d)
[    21.836] (II) modeset(0): Modeline "320x180"x118.6    8.88  320 344 360 400  180 181 184 187 doublescan +hsync -vsync (22.2 kHz d)
[    21.836] (II) modeset(0): EDID for output DP-1
[    21.946] (II) modeset(0): EDID for output HDMI-1
[    21.946] (II) modeset(0): EDID for output DP-2
[    21.950] (II) modeset(0): EDID for output HDMI-2
[    21.950] (II) modeset(0): Output eDP-1 connected
[    21.950] (II) modeset(0): Output DP-1 disconnected
[    21.950] (II) modeset(0): Output HDMI-1 disconnected
[    21.950] (II) modeset(0): Output DP-2 disconnected
[    21.950] (II) modeset(0): Output HDMI-2 disconnected
[    21.950] (II) modeset(0): Using exact sizes for initial modes
[    21.950] (II) modeset(0): Output eDP-1 using initial mode 3240x2160 +0+0
[    21.950] (==) modeset(0): Using gamma correction (1.0, 1.0, 1.0)
[    21.950] (==) modeset(0): DPI set to (96, 96)
[    21.950] (II) Loading sub module "fb"
[    21.950] (II) LoadModule: "fb"
[    21.950] (II) Module "fb" already built-in
[    21.952] (II) Loading sub module "dri2"
[    21.952] (II) LoadModule: "dri2"
[    21.952] (II) Module "dri2" already built-in
[    21.952] (--) NOUVEAU(G0): Chipset: "NVIDIA NV136"
[    21.952] (==) NOUVEAU(G0): Depth 24, (--) framebuffer bpp 32
[    21.952] (==) NOUVEAU(G0): RGB weight 888
[    21.952] (==) NOUVEAU(G0): Default visual is TrueColor
[    21.952] (==) NOUVEAU(G0): Using HW cursor
[    21.953] (==) NOUVEAU(G0): Allowed maximum DRI level 2.
[    21.953] (==) NOUVEAU(G0): GLX sync to VBlank enabled.
[    21.954] (==) NOUVEAU(G0): Page flipping enabled
[    21.954] (==) NOUVEAU(G0): Swap limit set to 1 [Max allowed 2]
[    21.954] (==) NOUVEAU(G0): Page flipping synced to vblank by kernel.
[    21.954] (==) NOUVEAU(G0): Using gamma correction (1.0, 1.0, 1.0)
[    21.954] (II) NOUVEAU(G0): Virtual size is 1024x768 (pitch 0)
[    21.954] (**) NOUVEAU(G0):  Mode "(null)": 600.0 MHz (scaled from 0.0 MHz), 134.2 kHz, 60.0 Hz
[    21.954] (II) NOUVEAU(G0): Modeline "(null)"x60.0  600.00  3240 3504 3856 4472  2160 2163 2173 2237 -hsync +vsync (134.2 kHz)
[    21.954] (==) NOUVEAU(G0): DPI set to (96, 96)
[    21.954] (II) Loading sub module "fb"
[    21.954] (II) LoadModule: "fb"
[    21.954] (II) Module "fb" already built-in
[    21.954] (II) Loading sub module "shadowfb"
[    21.954] (II) LoadModule: "shadowfb"
[    21.956] (II) Loading /nix/store/nl44b4x4bw3l8z1xvm55sjgv81q0gn22-xorg-server-21.1.3/lib/xorg/modules/libshadowfb.so
[    21.963] (II) Module shadowfb: vendor="X.Org Foundation"
[    21.963] 	compiled for 1.21.1.3, module version = 1.0.0
[    21.963] 	ABI class: X.Org ANSI C Emulation, version 0.4
[    21.963] (II) UnloadModule: "amdgpu"
[    21.963] (II) Unloading amdgpu
[    21.965] (II) UnloadModule: "fbdev"
[    21.965] (II) Unloading fbdev
[    21.965] (II) UnloadSubModule: "fbdevhw"
[    21.965] (II) Unloading fbdevhw
[    22.018] (==) modeset(0): Backing store enabled
[    22.018] (==) modeset(0): Silken mouse enabled
[    22.110] (II) modeset(0): Initializing kms color map for depth 24, 8 bpc.
[    22.111] (==) modeset(0): DPMS enabled
[    22.113] (II) modeset(0): [DRI2] Setup complete
[    22.113] (II) modeset(0): [DRI2]   DRI driver: iris
[    22.113] (II) modeset(0): [DRI2]   VDPAU driver: va_gl
[    22.332] (II) NOUVEAU(G0): Channel setup complete.
[    22.333] (II) NOUVEAU(G0): [COPY] async initialised.
[    22.333] (II) NOUVEAU(G0): Hardware support for Present enabled
[    22.333] (II) NOUVEAU(G0): [DRI2] Setup complete
[    22.333] (II) NOUVEAU(G0): [DRI2]   DRI driver: nouveau
[    22.333] (II) NOUVEAU(G0): [DRI2]   VDPAU driver: nouveau
[    22.333] (II) Loading sub module "exa"
[    22.333] (II) LoadModule: "exa"
[    22.333] (II) Loading /nix/store/nl44b4x4bw3l8z1xvm55sjgv81q0gn22-xorg-server-21.1.3/lib/xorg/modules/libexa.so
[    22.341] (II) Module exa: vendor="X.Org Foundation"
[    22.341] 	compiled for 1.21.1.3, module version = 2.6.0
[    22.341] 	ABI class: X.Org Video Driver, version 25.2
[    22.341] (II) EXA(256): Driver allocated offscreen pixmaps
[    22.341] (II) EXA(256): Driver registered support for the following operations:
[    22.341] (II)         Solid
[    22.341] (II)         Copy
[    22.341] (II)         Composite (RENDER acceleration)
[    22.342] (II)         UploadToScreen
[    22.342] (II)         DownloadFromScreen
[    22.342] (==) NOUVEAU(G0): Backing store enabled
[    22.342] (==) NOUVEAU(G0): Silken mouse enabled
[    22.342] (II) NOUVEAU(G0): [XvMC] Associated with Nouveau GeForce 8/9 Textured Video.
[    22.342] (II) NOUVEAU(G0): [XvMC] Extension initialized.
[    22.343] (==) NOUVEAU(G0): DPMS enabled
[    22.343] (EE) 
[    22.343] (EE) Backtrace:
[    22.346] (EE) 0: /nix/store/nl44b4x4bw3l8z1xvm55sjgv81q0gn22-xorg-server-21.1.3/bin/X (OsSigHandler+0x25) [0x5b4015]
[    22.350] (EE) 1: /nix/store/ybkkrhdwdj227kr20vk8qnzqnmj7a06x-glibc-2.34-115/lib/libc.so.6 (__sigaction+0x40) [0x7f6acaa10100]
[    22.350] (EE) 2: /nix/store/nl44b4x4bw3l8z1xvm55sjgv81q0gn22-xorg-server-21.1.3/bin/X (InitOutput+0x4e4) [0x4876e4]
[    22.351] (EE) 3: /nix/store/nl44b4x4bw3l8z1xvm55sjgv81q0gn22-xorg-server-21.1.3/bin/X (dix_main+0x194) [0x448664]
[    22.351] (EE) 4: /nix/store/ybkkrhdwdj227kr20vk8qnzqnmj7a06x-glibc-2.34-115/lib/libc.so.6 (__libc_start_call_main+0x67) [0x7f6aca9fc1d7]
[    22.352] (EE) 5: /nix/store/ybkkrhdwdj227kr20vk8qnzqnmj7a06x-glibc-2.34-115/lib/libc.so.6 (__libc_start_main+0x87) [0x7f6aca9fc297]
[    22.352] (EE) 6: /nix/store/nl44b4x4bw3l8z1xvm55sjgv81q0gn22-xorg-server-21.1.3/bin/X (_start+0x21) [0x431ca1]
[    22.352] (EE) 
[    22.352] (EE) Segmentation fault at address 0x41
[    22.352] (EE) 
Fatal server error:
[    22.352] (EE) Caught signal 11 (Segmentation fault). Server aborting
[    22.352] (EE) 
[    22.352] (EE) 
Please consult the The X.Org Foundation support 
	 at http://wiki.x.org
 for help. 
[    22.353] (EE) Please also check the log file at "/home/shadowrylander/.local/share/xorg/Xorg.0.log" for additional information.
[    22.353] (EE) 
[    22.387] (EE) Server terminated with error (1). Closing log file.
